n=$$('a');for(u in n)console.log(n[u].href)
 https://msrit.edu/#bottom-sidebar
 https://msrit.edu/admissions.html
 https://msrit.edu/admissions.html
 mailto:grievances@msrit.edu
 https://drive.google.com/file/d/1rVN7tfkFfNe6i_7eV4ICzjFgWA_qjfj_/view
 https://www.msritalumni.com/
 https://msrit-bucket.s3.us-west-2.amazonaws.com/Uploads/e_tender.pdf
VM75:1 https://msrit.edu/index.html
VM75:1 https://www.facebook.com/RamaiahInstituteofTechnologyRIT
VM75:1 https://www.youtube.com/c/RamaiahInstituteofTechnology/
VM75:1 https://www.linkedin.com/school/15137883/
VM75:1 https://msrit.edu/about-us.html
VM75:1 https://msrit.edu/about-us.html
VM75:1 https://msrit.edu/about-us.html#history
VM75:1 https://msrit.edu/governance.html
VM75:1 https://msrit.edu/governance.html#bom
VM75:1 https://msrit.edu/gov-others.html
VM75:1 https://msrit.edu/admissions.html
VM75:1 https://msrit.edu/admissions.html#po
VM75:1 https://msrit.edu/admissions.html#research-programs
VM75:1 https://msrit.edu/admissions.html#prospectus
VM75:1 https://msrit.edu/admissions.html#fee
VM75:1 https://msrit.edu/admissions.html#scholarship
VM75:1 https://msrit.edu/admissions.html#contact
VM75:1 https://msrit.edu/#
VM75:1 https://msrit.edu/#
VM75:1 https://msrit.edu/department/architecture.html
VM75:1 https://msrit.edu/department/ai_ds.html
VM75:1 https://msrit.edu/department/ai_ml.html
VM75:1 https://msrit.edu/department/biotechnology.html
VM75:1 https://msrit.edu/department/chemical-engineering.html
VM75:1 https://msrit.edu/department/chemistry.html
VM75:1 https://msrit.edu/department/civil-engineering.html
VM75:1 https://msrit.edu/department/cse.html
VM75:1 https://msrit.edu/department/cse_ai_ml.html
VM75:1 https://msrit.edu/department/cse_cs.html
VM75:1 https://msrit.edu/department/ece.html
VM75:1 https://msrit.edu/department/eie.html
VM75:1 https://msrit.edu/department/eee.html
VM75:1 https://msrit.edu/department/te.html
VM75:1 https://msrit.edu/department/humanities.html
VM75:1 https://msrit.edu/department/iem.html
VM75:1 https://msrit.edu/department/ise.html
VM75:1 https://msrit.edu/department/maths.html
VM75:1 https://msrit.edu/department/mca.html
VM75:1 https://msrit.edu/department/mba.html
VM75:1 https://msrit.edu/department/me.html
VM75:1 https://msrit.edu/department/medical-engineering.html
VM75:1 https://msrit.edu/department/physics.html
VM75:1 https://msrit.edu/department/int-411.html
VM75:1 https://msrit.edu/department/certificate-programs.html
VM75:1 https://msrit.edu/#
VM75:1 https://msrit-bucket.s3.us-west-2.amazonaws.com/Uploads/aec-1-syllabus.pdf
VM75:1 https://msrit-bucket.s3.us-west-2.amazonaws.com/Uploads/aec-2-syllabus.pdf
VM75:1 https://msrit.edu/aec/
VM75:1 https://msrit-bucket.s3.us-west-2.amazonaws.com/Uploads/AEC-IV.pdf
VM75:1 https://msrit-bucket.s3.us-west-2.amazonaws.com/Uploads/AEC-IV.pdf
VM75:1 https://msrit-bucket.s3.us-west-2.amazonaws.com/Uploads/AEC-IV.pdf
VM75:1 https://msrit.edu/#
VM75:1 https://msrit.edu/research/coe.html
VM75:1 
VM75:1 https://msrit.edu/research/phd/index.html#overview
VM75:1 https://s3.us-west-2.amazonaws.com/msrit.edu/research/phd/Final+Approved_RIT_RAMAIAH+DOCTORAL+FELLOWSHIP+2021-22_16W+X+25H.pdf
VM75:1 https://msrit.edu/research/phd/MSRIT_PhD_regulations_2021.pdf
VM75:1 https://msrit-phd-applications.web.app/
VM75:1 https://msrit.edu/research/phd/index.html#research
VM75:1 https://msrit.edu/research/phd/index.html#research
VM75:1 https://msrit.edu/research/phd/index.html#research
VM75:1 https://msrit.edu/research/rnd.html
VM75:1 https://msrit.edu/#
VM75:1 https://msrit.edu/facilities/hostel.html
VM75:1 https://msrit.edu/facilities/internet.html
VM75:1 https://msrit.edu/facilities/gym.html
VM75:1 https://www.msritlibrary.org/
VM75:1 https://msrit.edu/facilities/others.html
VM75:1 https://msrit.edu/examination.html#exam-section
VM75:1 https://msrit.edu/examination.html#process
VM75:1 https://msrit.edu/examination.html#circulars
VM75:1 http://exam.msrit.edu/
VM75:1 https://msrit.edu/examination.html#malpractice
VM75:1 https://msrit.edu/placement.html
VM75:1 https://msrit.edu/placement.html#overview
VM75:1 https://msrit.edu/placement.html#testimonial
VM75:1 https://msrit.edu/placement.html#recruiters
VM75:1 
VM75:1 http://msrit-iqac.com/
VM75:1 http://events.msrit.edu/
VM75:1 http://parents.msrit.edu/
VM75:1 https://staff.msrit.edu/
VM75:1 https://msrit.edu/contact-us.html
VM75:1 https://drive.google.com/file/d/1rVN7tfkFfNe6i_7eV4ICzjFgWA_qjfj_/view?usp=share_link
VM75:1 https://msrit.edu/contact-us.html
VM75:1 https://msrit.edu/about-us.html
VM75:1 https://msrit.edu/about-us.html
VM75:1 https://msrit.edu/about-us.html#history
VM75:1 https://msrit.edu/about-us.html#administration
VM75:1 https://msrit.edu/about-us.html#ranking
VM75:1 https://msrit.edu/about-us.html#testimonial
VM75:1 https://msrit.edu/about-us.html#alumni
VM75:1 https://msrit.edu/governance.html
VM75:1 https://msrit.edu/governance.html#bom
VM75:1 https://msrit.edu/governance.html#governing_body
VM75:1 https://msrit.edu/governance.html#finance_committee
VM75:1 https://msrit.edu/governance.html#academic_council
VM75:1 https://msrit.edu/admissions.html
VM75:1 https://msrit.edu/admissions.html#po
VM75:1 https://msrit.edu/admissions.html#research-programs
VM75:1 https://msrit.edu/admissions.html#prospectus
VM75:1 https://msrit.edu/admissions.html#fee
VM75:1 https://msrit.edu/admissions.html#scholarship
VM75:1 https://msrit.edu/admissions.html#ss
VM75:1 https://msrit.edu/admissions.html#contact
VM75:1 https://msrit.edu/#
VM75:1 https://msrit.edu/#
VM75:1 https://msrit.edu/#
VM75:1 https://msrit.edu/department/architecture.html
VM75:1 https://msrit.edu/department/ai_ds.html
VM75:1 https://msrit.edu/department/ai_ml.html
VM75:1 https://msrit.edu/department/biotechnology.html
VM75:1 https://msrit.edu/department/chemical-engineering.html
VM75:1 https://msrit.edu/department/chemistry.html
VM75:1 https://msrit.edu/department/civil-engineering.html
VM75:1 https://msrit.edu/department/cse.html
VM75:1 https://msrit.edu/department/cse_ai_ml.html
VM75:1 https://msrit.edu/department/cse_cs.html
VM75:1 https://msrit.edu/department/mca.html
VM75:1 https://msrit.edu/#
VM75:1 https://msrit.edu/department/ece.html
VM75:1 https://msrit.edu/department/eie.html
VM75:1 https://msrit.edu/department/eee.html
VM75:1 https://msrit.edu/department/humanities.html
VM75:1 https://msrit.edu/department/iem.html
VM75:1 https://msrit.edu/department/ise.html
VM75:1 https://msrit.edu/#
VM75:1 https://msrit.edu/department/maths.html
VM75:1 https://msrit.edu/department/mba.html
VM75:1 https://msrit.edu/department/me.html
VM75:1 https://msrit.edu/department/medical-engineering.html
VM75:1 https://msrit.edu/department/physics.html
VM75:1 https://msrit.edu/department/te.html
VM75:1 https://msrit.edu/department/int-411.html
VM75:1 https://msrit.edu/department/certificate-programs.html
VM75:1 https://msrit.edu/#
VM75:1 https://msrit-bucket.s3.us-west-2.amazonaws.com/Uploads/aec-1-syllabus.pdf
VM75:1 https://msrit-bucket.s3.us-west-2.amazonaws.com/Uploads/aec-2-syllabus.pdf
VM75:1 https://msrit.edu/aec/
VM75:1 https://msrit-bucket.s3.us-west-2.amazonaws.com/Uploads/AEC-IV.pdf
VM75:1 https://msrit-bucket.s3.us-west-2.amazonaws.com/Uploads/AEC-IV.pdf
VM75:1 https://msrit-bucket.s3.us-west-2.amazonaws.com/Uploads/AEC-IV.pdf
VM75:1 https://msrit.edu/#
VM75:1 https://msrit.edu/research/coe.html
VM75:1 
VM75:1 https://msrit.edu/research/phd/index.html#overview
VM75:1 https://s3.us-west-2.amazonaws.com/msrit.edu/research/phd/Final+Approved_RIT_RAMAIAH+DOCTORAL+FELLOWSHIP+2021-22_16W+X+25H.pdf
VM75:1 https://msrit.edu/research/phd/MSRIT_PhD_regulations_2021.pdf
VM75:1 https://msrit-phd-applications.web.app/
VM75:1 https://msrit.edu/research/phd/index.html#research
VM75:1 https://msrit.edu/research/phd/index.html#research
VM75:1 https://msrit.edu/research/phd/index.html#research
VM75:1 https://msrit.edu/research/rnd.html
VM75:1 https://msrit.edu/#
VM75:1 https://msrit.edu/facilities/hostel.html
VM75:1 https://msrit.edu/facilities/internet.html
VM75:1 https://msrit.edu/facilities/gym.html
VM75:1 https://www.msritlibrary.org/
VM75:1 https://msrit.edu/facilities/others.html
VM75:1 https://msrit.edu/examination.html
VM75:1 https://msrit.edu/examination.html#process
VM75:1 https://msrit.edu/examination.html#circulars
VM75:1 http://exam.msrit.edu/
VM75:1 https://msrit.edu/examination.html#malpractice
VM75:1 https://msrit.edu/placement.html
VM75:1 https://msrit.edu/placement.html#overview
VM75:1 https://msrit.edu/placement.html#testimonial
VM75:1 https://msrit.edu/placement.html#recruiters
VM75:1 https://msrit.edu/#
VM75:1 http://msrit-iqac.com/
VM75:1 http://events.msrit.edu/
VM75:1 http://parents.msrit.edu/
VM75:1 https://staff.msrit.edu/
VM75:1 https://msrit.edu/contact-us.html
VM75:1 https://msrit-bucket.s3.us-west-2.amazonaws.com/Banner/NLPC-Selection+List+-website.pdf
VM75:1 https://msrit-bucket.s3.us-west-2.amazonaws.com/Banner/nlpc__.pdf
VM75:1 https://msrit.edu/npc.html
VM75:1 https://drive.google.com/file/d/18fE2lRXC3_ObWI8P9sNCG6DvOJxYEqMa/view?usp=share_link
VM75:1 https://msrit-bucket.s3.us-west-2.amazonaws.com/Uploads/ARIIA+_+Atal+Ranking+of+Institutions+on+Innovation+Achievements.pdf
VM75:1 https://msrit.edu/#
VM75:1 https://msrit.edu/admissions.html
VM75:1 https://msrit.edu/#
VM75:1 https://msrit.edu/#
VM75:1 https://msrit.edu/#
VM75:1 https://msrit.edu/#
VM75:1 https://msrit.edu/#
VM75:1 https://msrit.edu/#
VM75:1 https://msrit.edu/#
VM75:1 https://msrit.edu/#
VM75:1 https://msrit.edu/#
VM75:1 https://msrit.edu/#
VM75:1 https://msrit.edu/#
VM75:1 https://msrit.edu/#
VM75:1 https://msrit.edu/news.html
VM75:1 https://drive.google.com/file/d/12Msci636gb4y3YgLuj6_MorKMVTPqmVV/view?usp=share_link
VM75:1 https://drive.google.com/file/d/12Msci636gb4y3YgLuj6_MorKMVTPqmVV/view?usp=share_link
VM75:1 https://drive.google.com/file/d/18fE2lRXC3_ObWI8P9sNCG6DvOJxYEqMa/view?usp=share_link
VM75:1 https://drive.google.com/file/d/18fE2lRXC3_ObWI8P9sNCG6DvOJxYEqMa/view?usp=share_link
VM75:1 https://drive.google.com/file/d/1W_U3PdSpgzs1dx36Q8fnamW_a9wNmmEp/view?usp=share_link
VM75:1 https://drive.google.com/file/d/1W_U3PdSpgzs1dx36Q8fnamW_a9wNmmEp/view?usp=share_link
VM75:1 https://drive.google.com/file/d/1fHbmEGUGXYyFX-zEZylXL-7-KAYBM68_/view?usp=share_link
VM75:1 https://drive.google.com/file/d/1fHbmEGUGXYyFX-zEZylXL-7-KAYBM68_/view?usp=share_link
VM75:1 https://drive.google.com/file/d/1UV7Gi-rYn9xanjponkww20zu6OUbnHDb/view?usp=share_link
VM75:1 https://drive.google.com/file/d/1UV7Gi-rYn9xanjponkww20zu6OUbnHDb/view?usp=share_link
VM75:1 https://drive.google.com/file/d/1NSXxZupY6iBtABwyQukMczQCs0yilGyy/view?usp=share_link
VM75:1 https://drive.google.com/file/d/1NSXxZupY6iBtABwyQukMczQCs0yilGyy/view?usp=share_link
VM75:1 https://msrit.edu/events.html
VM75:1 https://drive.google.com/file/d/1C2Gy8Y4GzNmQfSSEAlEOfCOidm9WPTMG/view?usp=share_link
VM75:1 https://drive.google.com/file/d/1C2Gy8Y4GzNmQfSSEAlEOfCOidm9WPTMG/view?usp=share_link
VM75:1 https://drive.google.com/file/d/1NrchKq0CZz2_MkXHrtYpiZ119OqzRrxx/view?usp=share_link
VM75:1 https://drive.google.com/file/d/1NrchKq0CZz2_MkXHrtYpiZ119OqzRrxx/view?usp=share_link
VM75:1 https://drive.google.com/file/d/1Fn-kJyKFHh21a6zZWj7ELluZTdje0Mba/view?usp=sharing
VM75:1 https://drive.google.com/file/d/1Fn-kJyKFHh21a6zZWj7ELluZTdje0Mba/view?usp=sharing
VM75:1 https://drive.google.com/file/d/1GCv3rEdt6WuWZEEZYgDUEGpL8qiPy1mf/view?usp=share_link
VM75:1 https://drive.google.com/file/d/1GCv3rEdt6WuWZEEZYgDUEGpL8qiPy1mf/view?usp=share_link
VM75:1 https://drive.google.com/file/d/1rDX00kYTDXxs2rKtLdJLPzgue91No40z/view?usp=share_link
VM75:1 https://drive.google.com/file/d/1rDX00kYTDXxs2rKtLdJLPzgue91No40z/view?usp=share_link
VM75:1 https://drive.google.com/file/d/1CbSJsay9mf33Q9KIyefeIYFJVq6LegVI/view?usp=share_link
VM75:1 https://drive.google.com/file/d/1CbSJsay9mf33Q9KIyefeIYFJVq6LegVI/view?usp=share_link
VM75:1 https://msrit.edu/#
VM75:1 https://msrit.edu/#
VM75:1 https://msrit.edu/governance.html
VM75:1 https://msrit.edu/support/proctorial-system.html
VM75:1 https://msrit.edu/admissions.html
VM75:1 https://msrit.edu/placement.html
VM75:1 https://msrit.edu/examination.html
VM75:1 
VM75:1 https://www.youtube.com/c/RamaiahInstituteofTechnology/
VM75:1 https://www.linkedin.com/school/15137883/
VM75:1 https://msrit.edu/qip-center.html
VM75:1 https://msrit.edu/support/proctorial-system.html
VM75:1 https://site.ieee.org/sb-ritb/
VM75:1 https://msrit.edu/support/sports.html
VM75:1 https://msrit.edu/support/nss.html
VM75:1 https://msrit.edu/support/deca.html
VM75:1 https://msrit.edu/support/edc.html
VM75:1 https://msrit.edu/rit-iic.html
VM75:1 https://msrit.edu/support/apple_training.html
VM75:1 https://msrit.edu/support/cocurricular.html
VM75:1 https://msrit.edu/support/alumni.html
VM75:1 https://msrit.edu/support/TEQIP.html
VM75:1 https://msrit.edu/support/mandatory-committees.html
VM75:1 https://msrit.edu/support/spdc.html
VM75:1 https://s3-us-west-2.amazonaws.com/msrit-bucket/Supporting/PMSSS+NODAL+OFFICER
VM75:1 https://msrit.edu/reports.html#audit
VM75:1 https://msrit-bucket.s3.us-west-2.amazonaws.com/Uploads/NBA+%26+NAAC+Accreditation+Status.pdf
VM75:1 https://msrit.edu/reports.html#IQAC
VM75:1 https://msrit.edu/reports.html#NIRF
VM75:1 https://msrit.edu/reports.html#NBA
VM75:1 https://msrit.edu/reports.html#AICTE
VM75:1 https://msrit-bucket.s3.us-west-2.amazonaws.com/Uploads/MSRIT-ARI-C-1331-2021.pdf
VM75:1 https://msrit-bucket.s3.us-west-2.amazonaws.com/Uploads/ARIIA+_+Atal+Ranking+of+Institutions+on+Innovation+Achievements.pdf
VM75:1 https://msrit.edu/reports.html#Sudarshana
VM75:1 https://msrit.edu/reports.html#Pradarshana
VM75:1 https://msrit.edu/reports.html#Sampige
VM75:1 https://msrit.edu/reports.html#AbhijnaDarpana
VM75:1 http://www.msrit-iqac.com/assets/img/RoadMapPrint.pdf
VM75:1 https://msrit.edu/admissions.html#fee
VM75:1 https://smarthubeducation.hdfcbank.com/SmartFees/Landing.action?instId=3151
VM75:1 https://smarthubeducation.hdfcbank.com/SmartFees/Landing.action?instId=2532
VM75:1 https://payments.billdesk.com/bdcollect/pay?p1=74&p2=6
VM75:1 https://msrit-bucket.s3.us-west-2.amazonaws.com/fee-payment-ug-higher-sem-2022.pdf
VM75:1 https://careerbook.federalbank.co.in/payment/StudentSearch/MSritxam
VM75:1 https://careerbook.federalbank.co.in/payment/StudentSearch/MSEF
VM75:1 https://careerbook.federalbank.co.in/payment/StudentSearch/MSRITHF
VM75:1 https://msrit.edu/research/coe.html
VM75:1 https://msrit.edu/support/mandatory-committees.html#grievance_redressal_committee
VM75:1 http://msrit.edugrievance.com/
VM75:1 http://parents.msrit.edu/
VM75:1 http://exam.msrit.edu/
VM75:1 https://www.mobile.vijayabankonline.in/feehive2/feehive/login/MSRIT
VM75:1 http://email.msrit.edu/
VM75:1 http://www.msrit-iqac.com/amd.html
VM75:1 https://d2e9h3gjmozu47.cloudfront.net/Uploads/GEFConductRules.pdf
VM75:1 https://d2e9h3gjmozu47.cloudfront.net/Uploads/GEFServiceRules.pdf
VM75:1 https://msrit.edu/student-satisfaction-survey.html
VM75:1 https://msrit.edu/curriculum-feedback-analysis.html
VM75:1 https://msrit-bucket.s3-us-west-2.amazonaws.com/Uploads/code_conduct_MSRIT.pdf
VM75:1 https://msrit-bucket.s3-us-west-2.amazonaws.com/Uploads/Code_of_Ethics.pdf
VM75:1 https://msrit-bucket.s3-us-west-2.amazonaws.com/Uploads/ConsultancyPolicy.pdf
VM75:1 https://msrit-bucket.s3-us-west-2.amazonaws.com/Uploads/ResearchPolicy.pdf
VM75:1 https://drive.google.com/file/d/1AV1aoAwouV_LbjMBYVqOBTjWyhBKi3rK/view?usp=sharing
VM75:1 https://msrit.edu/#top
undefined
base.js:7436          POST https://play.google.com/log?format=json&hasfast=true&authuser=0 net::ERR_BLOCKED_BY_CLIENT
g.k.send @ base.js:7436
xfa @ base.js:702
Zfa @ base.js:741
r @ base.js:7454
g.k.flush @ base.js:7455
Oi.flush @ base.js:7458
g.k.Ow @ base.js:7369
td @ base.js:309
g.k.dispatchEvent @ base.js:7319
g.k.H8 @ base.js:7364
